<?xml version="1.0" encoding="UTF-8"?>
<!-- Generated by org.testng.reporters.JUnitXMLReporter -->
<testsuite hostname="DESKTOP-1LS4O0S" ignored="0" name="ChromeTestCases" tests="24" failures="2" timestamp="2019-12-13T16:15:06 PST" time="710.087" errors="0">
  <testcase name="joinForFreeButton3NegativeTestsEmail" time="0.631" classname="com.romanceabroad.ui.RegistrationTests"/>
  <testcase name="joinForFreeButton3NegativeTestsPassword" time="1.019" classname="com.romanceabroad.ui.RegistrationTests"/>
  <testcase name="joinForFreeButton3NegativeTestsPassword" time="1.051" classname="com.romanceabroad.ui.RegistrationTests"/>
  <testcase name="joinForFreeButton3NegativeTestsPassword" time="0.737" classname="com.romanceabroad.ui.RegistrationTests"/>
  <testcase name="joinForFreeButton3NegativeTestsPassword" time="0.65" classname="com.romanceabroad.ui.RegistrationTests"/>
  <testcase name="joinForFreeButton3NegativeTestsPassword" time="0.722" classname="com.romanceabroad.ui.RegistrationTests"/>
  <testcase name="joinForFreeButton3NegativeTestsPassword" time="0.905" classname="com.romanceabroad.ui.RegistrationTests"/>
  <testcase name="joinForFreeNowButton1" time="11.192" classname="com.romanceabroad.ui.RegistrationTests"/>
  <testcase name="joinForFreeNowButton1" time="10.438" classname="com.romanceabroad.ui.RegistrationTests"/>
  <testcase name="joinForFreeNowButton1" time="3.271" classname="com.romanceabroad.ui.RegistrationTests">
    <failure type="org.openqa.selenium.ElementNotInteractableException" message="element not interactable
  (Session info: chrome=78.0.3904.108)
Build info: version: &amp;apos;3.141.59&amp;apos;, revision: &amp;apos;e82be7d358&amp;apos;, time: &amp;apos;2018-11-14T08:17:03&amp;apos;
System info: host: &amp;apos;DESKTOP-1LS4O0S&amp;apos;, ip: &amp;apos;192.168.1.22&amp;apos;, os.name: &amp;apos;Windows 10&amp;apos;, os.arch: &amp;apos;amd64&amp;apos;, os.version: &amp;apos;10.0&amp;apos;, java.version: &amp;apos;1.8.0_221&amp;apos;
Driver info: org.openqa.selenium.chrome.ChromeDriver
Capabilities {acceptInsecureCerts: false, browserName: chrome, browserVersion: 78.0.3904.108, chrome: {chromedriverVersion: 78.0.3904.70 (edb9c9f3de024..., userDataDir: C:\Users\Alexa\AppData\Loca...}, goog:chromeOptions: {debuggerAddress: localhost:51286}, javascriptEnabled: true, networkConnectionEnabled: false, pageLoadStrategy: normal, platform: XP, platformName: XP, proxy: Proxy(), setWindowRect: true, strictFileInteractability: false, timeouts: {implicit: 0, pageLoad: 300000, script: 30000}, unhandledPromptBehavior: dismiss and notify}
Session ID: 4017eee8d3c78512fbb6e5fa9355d52a">
      <![CDATA[org.openqa.selenium.ElementNotInteractableException: element not interactable
  (Session info: chrome=78.0.3904.108)
Build info: version: '3.141.59', revision: 'e82be7d358', time: '2018-11-14T08:17:03'
System info: host: 'DESKTOP-1LS4O0S', ip: '192.168.1.22', os.name: 'Windows 10', os.arch: 'amd64', os.version: '10.0', java.version: '1.8.0_221'
Driver info: org.openqa.selenium.chrome.ChromeDriver
Capabilities {acceptInsecureCerts: false, browserName: chrome, browserVersion: 78.0.3904.108, chrome: {chromedriverVersion: 78.0.3904.70 (edb9c9f3de024..., userDataDir: C:\Users\Alexa\AppData\Loca...}, goog:chromeOptions: {debuggerAddress: localhost:51286}, javascriptEnabled: true, networkConnectionEnabled: false, pageLoadStrategy: normal, platform: XP, platformName: XP, proxy: Proxy(), setWindowRect: true, strictFileInteractability: false, timeouts: {implicit: 0, pageLoad: 300000, script: 30000}, unhandledPromptBehavior: dismiss and notify}
Session ID: 4017eee8d3c78512fbb6e5fa9355d52a
at org.openqa.selenium.remote.http.W3CHttpResponseCodec.createException(W3CHttpResponseCodec.java:187)
at org.openqa.selenium.remote.http.W3CHttpResponseCodec.decode(W3CHttpResponseCodec.java:122)
at org.openqa.selenium.remote.http.W3CHttpResponseCodec.decode(W3CHttpResponseCodec.java:49)
at org.openqa.selenium.remote.HttpCommandExecutor.execute(HttpCommandExecutor.java:158)
at org.openqa.selenium.remote.service.DriverCommandExecutor.execute(DriverCommandExecutor.java:83)
at org.openqa.selenium.remote.RemoteWebDriver.execute(RemoteWebDriver.java:552)
at org.openqa.selenium.remote.RemoteWebElement.execute(RemoteWebElement.java:285)
at org.openqa.selenium.remote.RemoteWebElement.sendKeys(RemoteWebElement.java:106)
at com.romanceabroad.ui.MainPage.completeFirstRegistrationPart(MainPage.java:84)
at com.romanceabroad.ui.RegistrationTests.joinForFreeNowButton1(RegistrationTests.java:47)
at java.util.ArrayList.forEach(ArrayList.java:1257)
... Removed 30 stack frames]]>
    </failure>
  </testcase> <!-- joinForFreeNowButton1 -->
  <testcase name="joinForFreeNowButton2" time="11.59" classname="com.romanceabroad.ui.RegistrationTests"/>
  <testcase name="joinForFreeNowButton2" time="11.396" classname="com.romanceabroad.ui.RegistrationTests"/>
  <testcase name="joinForFreeNowButton2" time="10.683" classname="com.romanceabroad.ui.RegistrationTests"/>
  <testcase name="joinForFreeNowButton2" time="10.732" classname="com.romanceabroad.ui.RegistrationTests"/>
  <testcase name="joinForFreeNowButton2" time="11.149" classname="com.romanceabroad.ui.RegistrationTests"/>
  <testcase name="signInLink" time="7.544" classname="com.romanceabroad.ui.RegistrationTests"/>
  <testcase name="signInLink" time="6.039" classname="com.romanceabroad.ui.RegistrationTests"/>
  <testcase name="signInLinkNegativeEmail" time="5.758" classname="com.romanceabroad.ui.RegistrationTests"/>
  <testcase name="signInLinkNegativePassword" time="6.651" classname="com.romanceabroad.ui.RegistrationTests"/>
  <testcase name="signInLinkNegativePassword" time="5.643" classname="com.romanceabroad.ui.RegistrationTests"/>
  <testcase name="signInLinkNegativePassword" time="6.012" classname="com.romanceabroad.ui.RegistrationTests"/>
  <testcase name="signInLinkNegativePassword" time="5.852" classname="com.romanceabroad.ui.RegistrationTests"/>
  <testcase name="signInLinkNegativePassword" time="20.25" classname="com.romanceabroad.ui.RegistrationTests">
    <failure type="org.openqa.selenium.TimeoutException" message="Expected condition failed: waiting for element to be clickable: By.xpath: //input[@name=&amp;apos;email&amp;apos;] (tried for 20 second(s) with 500 milliseconds interval)">
      <![CDATA[org.openqa.selenium.TimeoutException: Expected condition failed: waiting for element to be clickable: By.xpath: //input[@name='email'] (tried for 20 second(s) with 500 milliseconds interval)
at org.openqa.selenium.support.ui.WebDriverWait.timeoutException(WebDriverWait.java:95)
at org.openqa.selenium.support.ui.FluentWait.until(FluentWait.java:272)
at com.romanceabroad.ui.MainPage.signInNegativePassword(MainPage.java:120)
at com.romanceabroad.ui.RegistrationTests.signInLinkNegativePassword(RegistrationTests.java:33)
at java.util.ArrayList.forEach(ArrayList.java:1257)
Caused by: org.openqa.selenium.NoSuchElementException: no such element: Unable to locate element: {"method":"xpath","selector":"//input[@name='email']"}
  (Session info: chrome=78.0.3904.108)
For documentation on this error, please visit: https://www.seleniumhq.org/exceptions/no_such_element.html
Build info: version: '3.141.59', revision: 'e82be7d358', time: '2018-11-14T08:17:03'
System info: host: 'DESKTOP-1LS4O0S', ip: '192.168.1.22', os.name: 'Windows 10', os.arch: 'amd64', os.version: '10.0', java.version: '1.8.0_221'
Driver info: org.openqa.selenium.chrome.ChromeDriver
Capabilities {acceptInsecureCerts: false, browserName: chrome, browserVersion: 78.0.3904.108, chrome: {chromedriverVersion: 78.0.3904.70 (edb9c9f3de024..., userDataDir: C:\Users\Alexa\AppData\Loca...}, goog:chromeOptions: {debuggerAddress: localhost:51842}, javascriptEnabled: true, networkConnectionEnabled: false, pageLoadStrategy: normal, platform: XP, platformName: XP, proxy: Proxy(), setWindowRect: true, strictFileInteractability: false, timeouts: {implicit: 0, pageLoad: 300000, script: 30000}, unhandledPromptBehavior: dismiss and notify}
Session ID: 3ff95b9c956eed548cd6d37e13a6bce0
*** Element info: {Using=xpath, value=//input[@name='email']}
at org.openqa.selenium.remote.http.W3CHttpResponseCodec.createException(W3CHttpResponseCodec.java:187)
at org.openqa.selenium.remote.http.W3CHttpResponseCodec.decode(W3CHttpResponseCodec.java:122)
at org.openqa.selenium.remote.http.W3CHttpResponseCodec.decode(W3CHttpResponseCodec.java:49)
at org.openqa.selenium.remote.HttpCommandExecutor.execute(HttpCommandExecutor.java:158)
at org.openqa.selenium.remote.service.DriverCommandExecutor.execute(DriverCommandExecutor.java:83)
at org.openqa.selenium.remote.RemoteWebDriver.execute(RemoteWebDriver.java:552)
at org.openqa.selenium.remote.RemoteWebDriver.findElement(RemoteWebDriver.java:323)
at org.openqa.selenium.remote.RemoteWebDriver.findElementByXPath(RemoteWebDriver.java:428)
at org.openqa.selenium.By$ByXPath.findElement(By.java:353)
at org.openqa.selenium.remote.RemoteWebDriver.findElement(RemoteWebDriver.java:315)
at org.openqa.selenium.support.ui.ExpectedConditions$7.apply(ExpectedConditions.java:205)
at org.openqa.selenium.support.ui.ExpectedConditions$7.apply(ExpectedConditions.java:201)
at org.openqa.selenium.support.ui.ExpectedConditions$22.apply(ExpectedConditions.java:641)
at org.openqa.selenium.support.ui.ExpectedConditions$22.apply(ExpectedConditions.java:638)
at org.openqa.selenium.support.ui.FluentWait.until(FluentWait.java:249)
... 29 more
... Removed 29 stack frames]]>
    </failure>
  </testcase> <!-- signInLinkNegativePassword -->
  <testcase name="signInLinkNegativePassword" time="6.754" classname="com.romanceabroad.ui.RegistrationTests"/>
</testsuite> <!-- ChromeTestCases -->
