<?xml version="1.0" encoding="UTF-8"?>
<!-- Generated by org.testng.reporters.JUnitXMLReporter -->
<testsuite hostname="DESKTOP-1LS4O0S" ignored="0" name="ChromeTestCases" tests="3" failures="1" timestamp="12 Dec 2019 18:00:58 GMT" time="20.166" errors="0">
  <testcase name="tourToUkraine" time="3.753" classname="com.romanceabroad.ui.TourTests"/>
  <testcase name="gifts" time="6.721" classname="com.romanceabroad.ui.GiftsTests"/>
  <testcase name="contactAdministrator" time="7.153" classname="com.romanceabroad.ui.ContactUsTests">
    <failure type="org.openqa.selenium.ElementClickInterceptedException" message="element click intercepted: Element &amp;lt;div class=&amp;quot;footer-menu-list-group-item-text&amp;quot;&amp;gt;...&amp;lt;/div&amp;gt; is not clickable at point (222, 695). Other element would receive the click: &amp;lt;li onclick=&amp;quot;sendAnalytics(&amp;apos;&amp;apos;, &amp;apos;f&amp;apos;, &amp;apos;footer-menu-map-item&amp;apos;);&amp;quot; class=&amp;quot;footer-menu-list-group-item&amp;quot;&amp;gt;...&amp;lt;/li&amp;gt;
  (Session info: chrome=78.0.3904.108)
Build info: version: &amp;apos;3.14.0&amp;apos;, revision: &amp;apos;aacccce0&amp;apos;, time: &amp;apos;2018-08-02T20:19:58.91Z&amp;apos;
System info: host: &amp;apos;DESKTOP-1LS4O0S&amp;apos;, ip: &amp;apos;192.168.1.22&amp;apos;, os.name: &amp;apos;Windows 10&amp;apos;, os.arch: &amp;apos;amd64&amp;apos;, os.version: &amp;apos;10.0&amp;apos;, java.version: &amp;apos;1.8.0_221&amp;apos;
Driver info: org.openqa.selenium.chrome.ChromeDriver
Capabilities {acceptInsecureCerts: false, browserName: chrome, browserVersion: 78.0.3904.108, chrome: {chromedriverVersion: 78.0.3904.70 (edb9c9f3de024..., userDataDir: C:\Users\Alexa\AppData\Loca...}, goog:chromeOptions: {debuggerAddress: localhost:49464}, javascriptEnabled: true, networkConnectionEnabled: false, pageLoadStrategy: normal, platform: XP, platformName: XP, proxy: Proxy(), setWindowRect: true, strictFileInteractability: false, timeouts: {implicit: 0, pageLoad: 300000, script: 30000}, unhandledPromptBehavior: dismiss and notify}
Session ID: a65606aff9fbe9fb3bd9532635f239dd">
      <![CDATA[org.openqa.selenium.ElementClickInterceptedException: element click intercepted: Element <div class="footer-menu-list-group-item-text">...</div> is not clickable at point (222, 695). Other element would receive the click: <li onclick="sendAnalytics('', 'f', 'footer-menu-map-item');" class="footer-menu-list-group-item">...</li>
  (Session info: chrome=78.0.3904.108)
Build info: version: '3.14.0', revision: 'aacccce0', time: '2018-08-02T20:19:58.91Z'
System info: host: 'DESKTOP-1LS4O0S', ip: '192.168.1.22', os.name: 'Windows 10', os.arch: 'amd64', os.version: '10.0', java.version: '1.8.0_221'
Driver info: org.openqa.selenium.chrome.ChromeDriver
Capabilities {acceptInsecureCerts: false, browserName: chrome, browserVersion: 78.0.3904.108, chrome: {chromedriverVersion: 78.0.3904.70 (edb9c9f3de024..., userDataDir: C:\Users\Alexa\AppData\Loca...}, goog:chromeOptions: {debuggerAddress: localhost:49464}, javascriptEnabled: true, networkConnectionEnabled: false, pageLoadStrategy: normal, platform: XP, platformName: XP, proxy: Proxy(), setWindowRect: true, strictFileInteractability: false, timeouts: {implicit: 0, pageLoad: 300000, script: 30000}, unhandledPromptBehavior: dismiss and notify}
Session ID: a65606aff9fbe9fb3bd9532635f239dd
at org.openqa.selenium.remote.http.W3CHttpResponseCodec.createException(W3CHttpResponseCodec.java:187)
at org.openqa.selenium.remote.http.W3CHttpResponseCodec.decode(W3CHttpResponseCodec.java:122)
at org.openqa.selenium.remote.http.W3CHttpResponseCodec.decode(W3CHttpResponseCodec.java:49)
at org.openqa.selenium.remote.HttpCommandExecutor.execute(HttpCommandExecutor.java:158)
at org.openqa.selenium.remote.service.DriverCommandExecutor.execute(DriverCommandExecutor.java:83)
at org.openqa.selenium.remote.RemoteWebDriver.execute(RemoteWebDriver.java:548)
at org.openqa.selenium.remote.RemoteWebElement.execute(RemoteWebElement.java:276)
at org.openqa.selenium.remote.RemoteWebElement.click(RemoteWebElement.java:83)
at com.romanceabroad.ui.HowWeWorkPage.clickContactUsFooterHelp(HowWeWorkPage.java:22)
at com.romanceabroad.ui.ContactUsTests.contactAdministrator(ContactUsTests.java:10)
at java.util.concurrent.ThreadPoolExecutor.runWorker(ThreadPoolExecutor.java:1149)
at java.util.concurrent.ThreadPoolExecutor$Worker.run(ThreadPoolExecutor.java:624)
at java.lang.Thread.run(Thread.java:748)
... Removed 14 stack frames]]>
    </failure>
  </testcase> <!-- contactAdministrator -->
</testsuite> <!-- ChromeTestCases -->
